<?xml version="1.0" encoding="UTF-8"?>
<!-- Generated by org.testng.reporters.JUnitReportReporter -->
<testsuite hostname="LT30012" failures="0" tests="1" name="testCases.GetBankDetails" time="0.407" errors="0" timestamp="2022-08-12T15:29:53 IST" skipped="0">
  <testcase classname="testCases.GetBankDetails" name="test" time="0.407"/>
  <system-out/>
</testsuite> <!-- testCases.GetBankDetails -->
